[browser] Uncaught Error: Internal Next.js error: Router action dispatched before initialization.
⚠ Fast Refresh had to perform a full reload. Read more: https://nextjs.org/docs/messages/fast-refresh-reload
[browser] Uncaught Error: Internal Next.js error: Router action dispatched before initialization.
[browser] Uncaught Error: Internal Next.js error: Router action dispatched before initialization.
⚠ Fast Refresh had to perform a full reload. Read more: https://nextjs.org/docs/messages/fast-refresh-reload
⚠ Fast Refresh had to perform a full reload. Read more: https://nextjs.org/docs/messages/fast-refresh-reload
⚠ Fast Refresh had to perform a full reload. Read more: https://nextjs.org/docs/messages/fast-refresh-reload
⚠ Fast Refresh had to perform a full reload. Read more: https://nextjs.org/docs/messages/fast-refresh-reload
[browser] Uncaught Error: Internal Next.js error: Router action dispatched before initialization.
⚠ Fast Refresh had to perform a full reload. Read more: https://nextjs.org/docs/messages/fast-refresh-reload
⨯ SyntaxError: Unexpected end of JSON input
    at JSON.parse (<anonymous>) {
  page: '/'
}
[browser] Uncaught SyntaxError: Unexpected end of JSON input
    at JSON.parse (<anonymous>)
[browser] Can't perform a React state update on a component that hasn't mounted yet. This indicates that you have a side-effect in your render function that asynchronously tries to update the component. Move this work to useEffect instead. 
[browser] Can't perform a React state update on a component that hasn't mounted yet. This indicates that you have a side-effect in your render function that asynchronously tries to update the component. Move this work to useEffect instead. 
⨯ SyntaxError: Unexpected end of JSON input
    at JSON.parse (<anonymous>) {
  page: '/'
}
[browser] Uncaught SyntaxError: Unexpected end of JSON input
    at JSON.parse (<anonymous>)
[browser] Can't perform a React state update on a component that hasn't mounted yet. This indicates that you have a side-effect in your render function that asynchronously tries to update the component. Move this work to useEffect instead. 
[browser] Can't perform a React state update on a component that hasn't mounted yet. This indicates that you have a side-effect in your render function that asynchronously tries to update the component. Move this work to useEffect instead. 
⨯ SyntaxError: Unexpected end of JSON input
    at JSON.parse (<anonymous>) {
  page: '/'
}
[browser] Uncaught SyntaxError: Unexpected end of JSON input
    at JSON.parse (<anonymous>)
⨯ SyntaxError: Unexpected end of JSON input
    at JSON.parse (<anonymous>) {
  page: '/'
}
⨯ SyntaxError: Unexpected end of JSON input
    at JSON.parse (<anonymous>) {
  page: '/'
}
⨯ SyntaxError: Unexpected end of JSON input
    at JSON.parse (<anonymous>) {
  page: '/'
}
⚠ Fast Refresh had to perform a full reload due to a runtime error.
[browser] Uncaught SyntaxError: Unexpected end of JSON input
    at JSON.parse (<anonymous>)
[browser] Uncaught SyntaxError: Unexpected end of JSON input
    at JSON.parse (<anonymous>)
⚠ Fast Refresh had to perform a full reload due to a runtime error.
⚠ Fast Refresh had to perform a full reload due to a runtime error.
⚠ Fast Refresh had to perform a full reload due to a runtime error.
[browser] Uncaught SyntaxError: Unexpected end of JSON input
    at JSON.parse (<anonymous>)
⚠ Fast Refresh had to perform a full reload. Read more: https://nextjs.org/docs/messages/fast-refresh-reload
[browser] Uncaught Error: Internal Next.js error: Router action dispatched before initialization.
⚠ Fast Refresh had to perform a full reload. Read more: https://nextjs.org/docs/messages/fast-refresh-reload
⨯ SyntaxError: Unexpected end of JSON input
    at JSON.parse (<anonymous>) {
  page: '/'
}
[browser] Uncaught SyntaxError: Unexpected end of JSON input
    at JSON.parse (<anonymous>)
⚠ Fast Refresh had to perform a full reload. Read more: https://nextjs.org/docs/messages/fast-refresh-reload
[browser] Can't perform a React state update on a component that hasn't mounted yet. This indicates that you have a side-effect in your render function that asynchronously tries to update the component. Move this work to useEffect instead. 
[browser] Can't perform a React state update on a component that hasn't mounted yet. This indicates that you have a side-effect in your render function that asynchronously tries to update the component. Move this work to useEffect instead. 
⨯ SyntaxError: Unexpected end of JSON input
    at JSON.parse (<anonymous>) {
  page: '/'
}
[browser] Uncaught SyntaxError: Unexpected end of JSON input
    at JSON.parse (<anonymous>)
⨯ SyntaxError: Unexpected end of JSON input
    at JSON.parse (<anonymous>) {
  page: '/'
}
