
> triangle-portal-backend@1.0.0 start
> tsx src/index.ts

Triangle Portal CMS API is running on http://localhost:58085
API docs: http://localhost:58085/api-docs
prisma:error 
Invalid `prisma.$queryRawUnsafe()` invocation:


Raw query failed. Code: `N/A`. Message: `Server has closed the connection.`
[sign cleanup failed] PrismaClientKnownRequestError: 
Invalid `prisma.$queryRawUnsafe()` invocation:


Raw query failed. Code: `N/A`. Message: `Server has closed the connection.`
    at Gr.handleRequestError (E:\Project\Triangle\backend\src\generated\postgresql-client\runtime\client.js:69:8286)
    at Gr.handleAndLogRequestError (E:\Project\Triangle\backend\src\generated\postgresql-client\runtime\client.js:69:7581)
    at Gr.request (E:\Project\Triangle\backend\src\generated\postgresql-client\runtime\client.js:69:7288)
    at process.processTicksAndRejections (node:internal/process/task_queues:105:5)
    at async a (E:\Project\Triangle\backend\src\generated\postgresql-client\runtime\client.js:79:6730)
    at async cleanupExpiredSignArtifacts (file:///E:/Project/Triangle/backend/src/utils/signService.js:176:16) {
  code: 'P2010',
  meta: {
    driverAdapterError: DriverAdapterError: ConnectionClosed
        at PrismaPgAdapter.onError (file:///E:/Project/Triangle/backend/node_modules/@prisma/adapter-pg/dist/index.mjs:642:11)
        at PrismaPgAdapter.performIO (file:///E:/Project/Triangle/backend/node_modules/@prisma/adapter-pg/dist/index.mjs:637:12)
        at process.processTicksAndRejections (node:internal/process/task_queues:105:5)
        at async PrismaPgAdapter.queryRaw (file:///E:/Project/Triangle/backend/node_modules/@prisma/adapter-pg/dist/index.mjs:568:30)
        at async e.interpretNode (E:\Project\Triangle\backend\src\generated\postgresql-client\runtime\client.js:15:44601)
        at async e.run (E:\Project\Triangle\backend\src\generated\postgresql-client\runtime\client.js:15:43315)
        at async e.execute (E:\Project\Triangle\backend\src\generated\postgresql-client\runtime\client.js:61:815)
        at async jt.request (E:\Project\Triangle\backend\src\generated\postgresql-client\runtime\client.js:62:2399)
        at async Object.singleLoader (E:\Project\Triangle\backend\src\generated\postgresql-client\runtime\client.js:69:6569)
        at async Gr.request (E:\Project\Triangle\backend\src\generated\postgresql-client\runtime\client.js:69:7175) {
      cause: [Object]
    }
  },
  clientVersion: '7.6.0'
}
prisma:error 
Invalid `prisma.$queryRawUnsafe()` invocation:


Raw query failed. Code: `N/A`. Message: `Can't reach database server at 127.0.0.1:15432`
[sign cleanup failed] PrismaClientKnownRequestError: 
Invalid `prisma.$queryRawUnsafe()` invocation:


Raw query failed. Code: `N/A`. Message: `Can't reach database server at 127.0.0.1:15432`
    at Gr.handleRequestError (E:\Project\Triangle\backend\src\generated\postgresql-client\runtime\client.js:69:8286)
    at Gr.handleAndLogRequestError (E:\Project\Triangle\backend\src\generated\postgresql-client\runtime\client.js:69:7581)
    at Gr.request (E:\Project\Triangle\backend\src\generated\postgresql-client\runtime\client.js:69:7288)
    at process.processTicksAndRejections (node:internal/process/task_queues:105:5)
    at async a (E:\Project\Triangle\backend\src\generated\postgresql-client\runtime\client.js:79:6730)
    at async cleanupExpiredSignArtifacts (file:///E:/Project/Triangle/backend/src/utils/signService.js:176:16) {
  code: 'P2010',
  meta: {
    driverAdapterError: DriverAdapterError: DatabaseNotReachable
        at PrismaPgAdapter.onError (file:///E:/Project/Triangle/backend/node_modules/@prisma/adapter-pg/dist/index.mjs:642:11)
        at PrismaPgAdapter.performIO (file:///E:/Project/Triangle/backend/node_modules/@prisma/adapter-pg/dist/index.mjs:637:12)
        at process.processTicksAndRejections (node:internal/process/task_queues:105:5)
        at async PrismaPgAdapter.queryRaw (file:///E:/Project/Triangle/backend/node_modules/@prisma/adapter-pg/dist/index.mjs:568:30)
        at async e.interpretNode (E:\Project\Triangle\backend\src\generated\postgresql-client\runtime\client.js:15:44601)
        at async e.run (E:\Project\Triangle\backend\src\generated\postgresql-client\runtime\client.js:15:43315)
        at async e.execute (E:\Project\Triangle\backend\src\generated\postgresql-client\runtime\client.js:61:815)
        at async jt.request (E:\Project\Triangle\backend\src\generated\postgresql-client\runtime\client.js:62:2399)
        at async Object.singleLoader (E:\Project\Triangle\backend\src\generated\postgresql-client\runtime\client.js:69:6569)
        at async Gr.request (E:\Project\Triangle\backend\src\generated\postgresql-client\runtime\client.js:69:7175) {
      cause: [Object]
    }
  },
  clientVersion: '7.6.0'
}
prisma:error 
Invalid `prisma.$queryRawUnsafe()` invocation:


Raw query failed. Code: `N/A`. Message: `Can't reach database server at 127.0.0.1:15432`
[sign cleanup failed] PrismaClientKnownRequestError: 
Invalid `prisma.$queryRawUnsafe()` invocation:


Raw query failed. Code: `N/A`. Message: `Can't reach database server at 127.0.0.1:15432`
    at Gr.handleRequestError (E:\Project\Triangle\backend\src\generated\postgresql-client\runtime\client.js:69:8286)
    at Gr.handleAndLogRequestError (E:\Project\Triangle\backend\src\generated\postgresql-client\runtime\client.js:69:7581)
    at Gr.request (E:\Project\Triangle\backend\src\generated\postgresql-client\runtime\client.js:69:7288)
    at process.processTicksAndRejections (node:internal/process/task_queues:105:5)
    at async a (E:\Project\Triangle\backend\src\generated\postgresql-client\runtime\client.js:79:6730)
    at async cleanupExpiredSignArtifacts (file:///E:/Project/Triangle/backend/src/utils/signService.js:176:16) {
  code: 'P2010',
  meta: {
    driverAdapterError: DriverAdapterError: DatabaseNotReachable
        at PrismaPgAdapter.onError (file:///E:/Project/Triangle/backend/node_modules/@prisma/adapter-pg/dist/index.mjs:642:11)
        at PrismaPgAdapter.performIO (file:///E:/Project/Triangle/backend/node_modules/@prisma/adapter-pg/dist/index.mjs:637:12)
        at process.processTicksAndRejections (node:internal/process/task_queues:105:5)
        at async PrismaPgAdapter.queryRaw (file:///E:/Project/Triangle/backend/node_modules/@prisma/adapter-pg/dist/index.mjs:568:30)
        at async e.interpretNode (E:\Project\Triangle\backend\src\generated\postgresql-client\runtime\client.js:15:44601)
        at async e.run (E:\Project\Triangle\backend\src\generated\postgresql-client\runtime\client.js:15:43315)
        at async e.execute (E:\Project\Triangle\backend\src\generated\postgresql-client\runtime\client.js:61:815)
        at async jt.request (E:\Project\Triangle\backend\src\generated\postgresql-client\runtime\client.js:62:2399)
        at async Object.singleLoader (E:\Project\Triangle\backend\src\generated\postgresql-client\runtime\client.js:69:6569)
        at async Gr.request (E:\Project\Triangle\backend\src\generated\postgresql-client\runtime\client.js:69:7175) {
      cause: [Object]
    }
  },
  clientVersion: '7.6.0'
}
